<?xml version="1.0" encoding="UTF-8" ?>
<testsuite errors="0" failures="0" hostname="IT0996" name="chismografo.IronMqTest" tests="1" time="0.461" timestamp="2013-07-02T22:37:33">
  <properties />
  <testcase classname="chismografo.IronMqTest" name="test" time="0.0050" />
  <system-out><![CDATA[--Output from test--
]]></system-out>
  <system-err><![CDATA[--Output from test--
]]></system-err>
</testsuite>
